<?xml version="1.0" encoding="UTF-8"?>
<!-- Generated by org.testng.reporters.JUnitReportReporter -->
<testsuite hostname="gkillare-win87" failures="7" tests="46" name="dualprocessor.WorldPayAutoDual_Visa21" time="1136.784" errors="1" timestamp="2024-12-12T17:02:23 IST" skipped="0">
  <testcase classname="dualprocessor.WorldPayAutoDual_Visa21" name="performNoramal_CD_Sale" time="37.798"/>
  <system-out/>
  <testcase classname="dualprocessor.WorldPayAutoDual_Visa21" name="performNoramal_CD_Sale" time="10.358"/>
  <system-out/>
  <testcase classname="dualprocessor.WorldPayAutoDual_Visa21" name="performNormalFSA_TXN" time="25.602"/>
  <system-out/>
  <testcase classname="dualprocessor.WorldPayAutoDual_Visa21" name="performWIC_TXN" time="26.917"/>
  <system-out/>
  <testcase classname="dualprocessor.WorldPayAutoDual_Visa21" name="performEBT_TXN" time="19.880"/>
  <system-out/>
  <testcase classname="dualprocessor.WorldPayAutoDual_Visa21" name="performEBT_TXN" time="17.588"/>
  <system-out/>
  <testcase classname="dualprocessor.WorldPayAutoDual_Visa21" name="PF_performCreditDebit" time="19.831"/>
  <system-out/>
  <testcase classname="dualprocessor.WorldPayAutoDual_Visa21" name="PF_performCreditDebit" time="17.856"/>
  <system-out/>
  <testcase classname="dualprocessor.WorldPayAutoDual_Visa21" name="PF_performCreditDebit" time="21.310"/>
  <system-out/>
  <testcase classname="dualprocessor.WorldPayAutoDual_Visa21" name="PF_performCreditDebit" time="19.053"/>
  <system-out/>
  <testcase classname="dualprocessor.WorldPayAutoDual_Visa21" name="PF_performCreditDebit" time="22.321"/>
  <system-out/>
  <testcase classname="dualprocessor.WorldPayAutoDual_Visa21" name="AF_performNoramal_CD_Sale" time="191.967">
    <error message="Cannot invoke &quot;java.util.List.get(int)&quot; because &quot;gcbResult&quot; is null" type="java.lang.NullPointerException">
      <![CDATA[java.lang.NullPointerException: Cannot invoke "java.util.List.get(int)" because "gcbResult" is null
at base.BaseClass.performCreditDebitSale(BaseClass.java:259)
at dualprocessor.WorldPayAutoDual_Visa21.AF_performNoramal_CD_Sale(WorldPayAutoDual_Visa21.java:193)
at java.base/jdk.internal.reflect.NativeMethodAccessorImpl.invoke0(Native Method)
at java.base/jdk.internal.reflect.NativeMethodAccessorImpl.invoke(NativeMethodAccessorImpl.java:77)
at java.base/jdk.internal.reflect.DelegatingMethodAccessorImpl.invoke(DelegatingMethodAccessorImpl.java:43)
at java.base/java.lang.reflect.Method.invoke(Method.java:568)
at org.testng.internal.MethodInvocationHelper.invokeMethod(MethodInvocationHelper.java:133)
at org.testng.internal.TestInvoker.invokeMethod(TestInvoker.java:598)
at org.testng.internal.TestInvoker.invokeTestMethod(TestInvoker.java:173)
at org.testng.internal.MethodRunner.runInSequence(MethodRunner.java:46)
at org.testng.internal.TestInvoker$MethodInvocationAgent.invoke(TestInvoker.java:824)
at org.testng.internal.TestInvoker.invokeTestMethods(TestInvoker.java:146)
at org.testng.internal.TestMethodWorker.invokeTestMethods(TestMethodWorker.java:146)
at org.testng.internal.TestMethodWorker.run(TestMethodWorker.java:128)
at java.base/java.util.ArrayList.forEach(ArrayList.java:1511)
at org.testng.TestRunner.privateRun(TestRunner.java:794)
at org.testng.TestRunner.run(TestRunner.java:596)
at org.testng.SuiteRunner.runTest(SuiteRunner.java:377)
at org.testng.SuiteRunner.runSequentially(SuiteRunner.java:371)
at org.testng.SuiteRunner.privateRun(SuiteRunner.java:332)
at org.testng.SuiteRunner.run(SuiteRunner.java:276)
at org.testng.SuiteRunnerWorker.runSuite(SuiteRunnerWorker.java:53)
at org.testng.SuiteRunnerWorker.run(SuiteRunnerWorker.java:96)
at org.testng.TestNG.runSuitesSequentially(TestNG.java:1212)
at org.testng.TestNG.runSuitesLocally(TestNG.java:1134)
at org.testng.TestNG.runSuites(TestNG.java:1063)
at org.testng.TestNG.run(TestNG.java:1031)
at org.testng.remote.AbstractRemoteTestNG.run(AbstractRemoteTestNG.java:115)
at org.testng.remote.RemoteTestNG.initAndRun(RemoteTestNG.java:293)
at org.testng.remote.RemoteTestNG.main(RemoteTestNG.java:91)
]]>
    </error>
  </testcase> <!-- AF_performNoramal_CD_Sale -->
  <system-out/>
  <testcase classname="dualprocessor.WorldPayAutoDual_Visa21" name="AF_performNoramal_CD_Sale" time="54.969"/>
  <system-out/>
  <testcase classname="dualprocessor.WorldPayAutoDual_Visa21" name="AF_performNormalFSA_TXN" time="22.244"/>
  <system-out/>
  <testcase classname="dualprocessor.WorldPayAutoDual_Visa21" name="AF_performWIC_TXN" time="30.764"/>
  <system-out/>
  <testcase classname="dualprocessor.WorldPayAutoDual_Visa21" name="AF_performEBT_TXN" time="16.402"/>
  <system-out/>
  <testcase classname="dualprocessor.WorldPayAutoDual_Visa21" name="AF_performEBT_TXN" time="16.744"/>
  <system-out/>
  <testcase classname="dualprocessor.WorldPayAutoDual_Visa21" name="VoidAllTransactions" time="8.352"/>
  <system-out/>
  <testcase classname="dualprocessor.WorldPayAutoDual_Visa21" name="VoidAllTransactions" time="5.468"/>
  <system-out/>
  <testcase classname="dualprocessor.WorldPayAutoDual_Visa21" name="VoidAllTransactions" time="5.248">
    <failure message="Processor ID MissMatch....... expected [024887638      ] but found [null]" type="java.lang.AssertionError">
      <![CDATA[java.lang.AssertionError: Processor ID MissMatch....... expected [024887638      ] but found [null]
at org.testng.Assert.fail(Assert.java:99)
at org.testng.Assert.failNotEquals(Assert.java:1037)
at org.testng.Assert.assertEqualsImpl(Assert.java:140)
at org.testng.Assert.assertEquals(Assert.java:122)
at org.testng.Assert.assertEquals(Assert.java:629)
at dualprocessor.WorldPayAutoDual_Visa21.VoidAllTransactions(WorldPayAutoDual_Visa21.java:274)
at java.base/jdk.internal.reflect.NativeMethodAccessorImpl.invoke0(Native Method)
at java.base/jdk.internal.reflect.NativeMethodAccessorImpl.invoke(NativeMethodAccessorImpl.java:77)
at java.base/jdk.internal.reflect.DelegatingMethodAccessorImpl.invoke(DelegatingMethodAccessorImpl.java:43)
at java.base/java.lang.reflect.Method.invoke(Method.java:568)
at org.testng.internal.MethodInvocationHelper.invokeMethod(MethodInvocationHelper.java:133)
at org.testng.internal.TestInvoker.invokeMethod(TestInvoker.java:598)
at org.testng.internal.TestInvoker.invokeTestMethod(TestInvoker.java:173)
at org.testng.internal.MethodRunner.runInSequence(MethodRunner.java:46)
at org.testng.internal.TestInvoker$MethodInvocationAgent.invoke(TestInvoker.java:824)
at org.testng.internal.TestInvoker.invokeTestMethods(TestInvoker.java:146)
at org.testng.internal.TestMethodWorker.invokeTestMethods(TestMethodWorker.java:146)
at org.testng.internal.TestMethodWorker.run(TestMethodWorker.java:128)
at java.base/java.util.ArrayList.forEach(ArrayList.java:1511)
at org.testng.TestRunner.privateRun(TestRunner.java:794)
at org.testng.TestRunner.run(TestRunner.java:596)
at org.testng.SuiteRunner.runTest(SuiteRunner.java:377)
at org.testng.SuiteRunner.runSequentially(SuiteRunner.java:371)
at org.testng.SuiteRunner.privateRun(SuiteRunner.java:332)
at org.testng.SuiteRunner.run(SuiteRunner.java:276)
at org.testng.SuiteRunnerWorker.runSuite(SuiteRunnerWorker.java:53)
at org.testng.SuiteRunnerWorker.run(SuiteRunnerWorker.java:96)
at org.testng.TestNG.runSuitesSequentially(TestNG.java:1212)
at org.testng.TestNG.runSuitesLocally(TestNG.java:1134)
at org.testng.TestNG.runSuites(TestNG.java:1063)
at org.testng.TestNG.run(TestNG.java:1031)
at org.testng.remote.AbstractRemoteTestNG.run(AbstractRemoteTestNG.java:115)
at org.testng.remote.RemoteTestNG.initAndRun(RemoteTestNG.java:293)
at org.testng.remote.RemoteTestNG.main(RemoteTestNG.java:91)
]]>
    </failure>
  </testcase> <!-- VoidAllTransactions -->
  <system-out/>
  <testcase classname="dualprocessor.WorldPayAutoDual_Visa21" name="VoidAllTransactions" time="5.267"/>
  <system-out/>
  <testcase classname="dualprocessor.WorldPayAutoDual_Visa21" name="VoidAllTransactions" time="5.587"/>
  <system-out/>
  <testcase classname="dualprocessor.WorldPayAutoDual_Visa21" name="VoidAllTransactions" time="2.078"/>
  <system-out/>
  <testcase classname="dualprocessor.WorldPayAutoDual_Visa21" name="VoidAllTransactions" time="5.156"/>
  <system-out/>
  <testcase classname="dualprocessor.WorldPayAutoDual_Visa21" name="VoidAllTransactions" time="5.169">
    <failure message="Processor ID MissMatch....... expected [024887638      ] but found [null]" type="java.lang.AssertionError">
      <![CDATA[java.lang.AssertionError: Processor ID MissMatch....... expected [024887638      ] but found [null]
at org.testng.Assert.fail(Assert.java:99)
at org.testng.Assert.failNotEquals(Assert.java:1037)
at org.testng.Assert.assertEqualsImpl(Assert.java:140)
at org.testng.Assert.assertEquals(Assert.java:122)
at org.testng.Assert.assertEquals(Assert.java:629)
at dualprocessor.WorldPayAutoDual_Visa21.VoidAllTransactions(WorldPayAutoDual_Visa21.java:274)
at java.base/jdk.internal.reflect.NativeMethodAccessorImpl.invoke0(Native Method)
at java.base/jdk.internal.reflect.NativeMethodAccessorImpl.invoke(NativeMethodAccessorImpl.java:77)
at java.base/jdk.internal.reflect.DelegatingMethodAccessorImpl.invoke(DelegatingMethodAccessorImpl.java:43)
at java.base/java.lang.reflect.Method.invoke(Method.java:568)
at org.testng.internal.MethodInvocationHelper.invokeMethod(MethodInvocationHelper.java:133)
at org.testng.internal.TestInvoker.invokeMethod(TestInvoker.java:598)
at org.testng.internal.TestInvoker.invokeTestMethod(TestInvoker.java:173)
at org.testng.internal.MethodRunner.runInSequence(MethodRunner.java:46)
at org.testng.internal.TestInvoker$MethodInvocationAgent.invoke(TestInvoker.java:824)
at org.testng.internal.TestInvoker.invokeTestMethods(TestInvoker.java:146)
at org.testng.internal.TestMethodWorker.invokeTestMethods(TestMethodWorker.java:146)
at org.testng.internal.TestMethodWorker.run(TestMethodWorker.java:128)
at java.base/java.util.ArrayList.forEach(ArrayList.java:1511)
at org.testng.TestRunner.privateRun(TestRunner.java:794)
at org.testng.TestRunner.run(TestRunner.java:596)
at org.testng.SuiteRunner.runTest(SuiteRunner.java:377)
at org.testng.SuiteRunner.runSequentially(SuiteRunner.java:371)
at org.testng.SuiteRunner.privateRun(SuiteRunner.java:332)
at org.testng.SuiteRunner.run(SuiteRunner.java:276)
at org.testng.SuiteRunnerWorker.runSuite(SuiteRunnerWorker.java:53)
at org.testng.SuiteRunnerWorker.run(SuiteRunnerWorker.java:96)
at org.testng.TestNG.runSuitesSequentially(TestNG.java:1212)
at org.testng.TestNG.runSuitesLocally(TestNG.java:1134)
at org.testng.TestNG.runSuites(TestNG.java:1063)
at org.testng.TestNG.run(TestNG.java:1031)
at org.testng.remote.AbstractRemoteTestNG.run(AbstractRemoteTestNG.java:115)
at org.testng.remote.RemoteTestNG.initAndRun(RemoteTestNG.java:293)
at org.testng.remote.RemoteTestNG.main(RemoteTestNG.java:91)
]]>
    </failure>
  </testcase> <!-- VoidAllTransactions -->
  <system-out/>
  <testcase classname="dualprocessor.WorldPayAutoDual_Visa21" name="VoidAllTransactions" time="4.200">
    <failure message="Processor ID MissMatch....... expected [024887638      ] but found [null]" type="java.lang.AssertionError">
      <![CDATA[java.lang.AssertionError: Processor ID MissMatch....... expected [024887638      ] but found [null]
at org.testng.Assert.fail(Assert.java:99)
at org.testng.Assert.failNotEquals(Assert.java:1037)
at org.testng.Assert.assertEqualsImpl(Assert.java:140)
at org.testng.Assert.assertEquals(Assert.java:122)
at org.testng.Assert.assertEquals(Assert.java:629)
at dualprocessor.WorldPayAutoDual_Visa21.VoidAllTransactions(WorldPayAutoDual_Visa21.java:274)
at java.base/jdk.internal.reflect.NativeMethodAccessorImpl.invoke0(Native Method)
at java.base/jdk.internal.reflect.NativeMethodAccessorImpl.invoke(NativeMethodAccessorImpl.java:77)
at java.base/jdk.internal.reflect.DelegatingMethodAccessorImpl.invoke(DelegatingMethodAccessorImpl.java:43)
at java.base/java.lang.reflect.Method.invoke(Method.java:568)
at org.testng.internal.MethodInvocationHelper.invokeMethod(MethodInvocationHelper.java:133)
at org.testng.internal.TestInvoker.invokeMethod(TestInvoker.java:598)
at org.testng.internal.TestInvoker.invokeTestMethod(TestInvoker.java:173)
at org.testng.internal.MethodRunner.runInSequence(MethodRunner.java:46)
at org.testng.internal.TestInvoker$MethodInvocationAgent.invoke(TestInvoker.java:824)
at org.testng.internal.TestInvoker.invokeTestMethods(TestInvoker.java:146)
at org.testng.internal.TestMethodWorker.invokeTestMethods(TestMethodWorker.java:146)
at org.testng.internal.TestMethodWorker.run(TestMethodWorker.java:128)
at java.base/java.util.ArrayList.forEach(ArrayList.java:1511)
at org.testng.TestRunner.privateRun(TestRunner.java:794)
at org.testng.TestRunner.run(TestRunner.java:596)
at org.testng.SuiteRunner.runTest(SuiteRunner.java:377)
at org.testng.SuiteRunner.runSequentially(SuiteRunner.java:371)
at org.testng.SuiteRunner.privateRun(SuiteRunner.java:332)
at org.testng.SuiteRunner.run(SuiteRunner.java:276)
at org.testng.SuiteRunnerWorker.runSuite(SuiteRunnerWorker.java:53)
at org.testng.SuiteRunnerWorker.run(SuiteRunnerWorker.java:96)
at org.testng.TestNG.runSuitesSequentially(TestNG.java:1212)
at org.testng.TestNG.runSuitesLocally(TestNG.java:1134)
at org.testng.TestNG.runSuites(TestNG.java:1063)
at org.testng.TestNG.run(TestNG.java:1031)
at org.testng.remote.AbstractRemoteTestNG.run(AbstractRemoteTestNG.java:115)
at org.testng.remote.RemoteTestNG.initAndRun(RemoteTestNG.java:293)
at org.testng.remote.RemoteTestNG.main(RemoteTestNG.java:91)
]]>
    </failure>
  </testcase> <!-- VoidAllTransactions -->
  <system-out/>
  <testcase classname="dualprocessor.WorldPayAutoDual_Visa21" name="VoidAllTransactions" time="4.808">
    <failure message="Processor ID MissMatch....... expected [024887638      ] but found [null]" type="java.lang.AssertionError">
      <![CDATA[java.lang.AssertionError: Processor ID MissMatch....... expected [024887638      ] but found [null]
at org.testng.Assert.fail(Assert.java:99)
at org.testng.Assert.failNotEquals(Assert.java:1037)
at org.testng.Assert.assertEqualsImpl(Assert.java:140)
at org.testng.Assert.assertEquals(Assert.java:122)
at org.testng.Assert.assertEquals(Assert.java:629)
at dualprocessor.WorldPayAutoDual_Visa21.VoidAllTransactions(WorldPayAutoDual_Visa21.java:274)
at java.base/jdk.internal.reflect.NativeMethodAccessorImpl.invoke0(Native Method)
at java.base/jdk.internal.reflect.NativeMethodAccessorImpl.invoke(NativeMethodAccessorImpl.java:77)
at java.base/jdk.internal.reflect.DelegatingMethodAccessorImpl.invoke(DelegatingMethodAccessorImpl.java:43)
at java.base/java.lang.reflect.Method.invoke(Method.java:568)
at org.testng.internal.MethodInvocationHelper.invokeMethod(MethodInvocationHelper.java:133)
at org.testng.internal.TestInvoker.invokeMethod(TestInvoker.java:598)
at org.testng.internal.TestInvoker.invokeTestMethod(TestInvoker.java:173)
at org.testng.internal.MethodRunner.runInSequence(MethodRunner.java:46)
at org.testng.internal.TestInvoker$MethodInvocationAgent.invoke(TestInvoker.java:824)
at org.testng.internal.TestInvoker.invokeTestMethods(TestInvoker.java:146)
at org.testng.internal.TestMethodWorker.invokeTestMethods(TestMethodWorker.java:146)
at org.testng.internal.TestMethodWorker.run(TestMethodWorker.java:128)
at java.base/java.util.ArrayList.forEach(ArrayList.java:1511)
at org.testng.TestRunner.privateRun(TestRunner.java:794)
at org.testng.TestRunner.run(TestRunner.java:596)
at org.testng.SuiteRunner.runTest(SuiteRunner.java:377)
at org.testng.SuiteRunner.runSequentially(SuiteRunner.java:371)
at org.testng.SuiteRunner.privateRun(SuiteRunner.java:332)
at org.testng.SuiteRunner.run(SuiteRunner.java:276)
at org.testng.SuiteRunnerWorker.runSuite(SuiteRunnerWorker.java:53)
at org.testng.SuiteRunnerWorker.run(SuiteRunnerWorker.java:96)
at org.testng.TestNG.runSuitesSequentially(TestNG.java:1212)
at org.testng.TestNG.runSuitesLocally(TestNG.java:1134)
at org.testng.TestNG.runSuites(TestNG.java:1063)
at org.testng.TestNG.run(TestNG.java:1031)
at org.testng.remote.AbstractRemoteTestNG.run(AbstractRemoteTestNG.java:115)
at org.testng.remote.RemoteTestNG.initAndRun(RemoteTestNG.java:293)
at org.testng.remote.RemoteTestNG.main(RemoteTestNG.java:91)
]]>
    </failure>
  </testcase> <!-- VoidAllTransactions -->
  <system-out/>
  <testcase classname="dualprocessor.WorldPayAutoDual_Visa21" name="VoidAllTransactions" time="5.076">
    <failure message="Processor ID MissMatch....... expected [024887638      ] but found [null]" type="java.lang.AssertionError">
      <![CDATA[java.lang.AssertionError: Processor ID MissMatch....... expected [024887638      ] but found [null]
at org.testng.Assert.fail(Assert.java:99)
at org.testng.Assert.failNotEquals(Assert.java:1037)
at org.testng.Assert.assertEqualsImpl(Assert.java:140)
at org.testng.Assert.assertEquals(Assert.java:122)
at org.testng.Assert.assertEquals(Assert.java:629)
at dualprocessor.WorldPayAutoDual_Visa21.VoidAllTransactions(WorldPayAutoDual_Visa21.java:274)
at java.base/jdk.internal.reflect.NativeMethodAccessorImpl.invoke0(Native Method)
at java.base/jdk.internal.reflect.NativeMethodAccessorImpl.invoke(NativeMethodAccessorImpl.java:77)
at java.base/jdk.internal.reflect.DelegatingMethodAccessorImpl.invoke(DelegatingMethodAccessorImpl.java:43)
at java.base/java.lang.reflect.Method.invoke(Method.java:568)
at org.testng.internal.MethodInvocationHelper.invokeMethod(MethodInvocationHelper.java:133)
at org.testng.internal.TestInvoker.invokeMethod(TestInvoker.java:598)
at org.testng.internal.TestInvoker.invokeTestMethod(TestInvoker.java:173)
at org.testng.internal.MethodRunner.runInSequence(MethodRunner.java:46)
at org.testng.internal.TestInvoker$MethodInvocationAgent.invoke(TestInvoker.java:824)
at org.testng.internal.TestInvoker.invokeTestMethods(TestInvoker.java:146)
at org.testng.internal.TestMethodWorker.invokeTestMethods(TestMethodWorker.java:146)
at org.testng.internal.TestMethodWorker.run(TestMethodWorker.java:128)
at java.base/java.util.ArrayList.forEach(ArrayList.java:1511)
at org.testng.TestRunner.privateRun(TestRunner.java:794)
at org.testng.TestRunner.run(TestRunner.java:596)
at org.testng.SuiteRunner.runTest(SuiteRunner.java:377)
at org.testng.SuiteRunner.runSequentially(SuiteRunner.java:371)
at org.testng.SuiteRunner.privateRun(SuiteRunner.java:332)
at org.testng.SuiteRunner.run(SuiteRunner.java:276)
at org.testng.SuiteRunnerWorker.runSuite(SuiteRunnerWorker.java:53)
at org.testng.SuiteRunnerWorker.run(SuiteRunnerWorker.java:96)
at org.testng.TestNG.runSuitesSequentially(TestNG.java:1212)
at org.testng.TestNG.runSuitesLocally(TestNG.java:1134)
at org.testng.TestNG.runSuites(TestNG.java:1063)
at org.testng.TestNG.run(TestNG.java:1031)
at org.testng.remote.AbstractRemoteTestNG.run(AbstractRemoteTestNG.java:115)
at org.testng.remote.RemoteTestNG.initAndRun(RemoteTestNG.java:293)
at org.testng.remote.RemoteTestNG.main(RemoteTestNG.java:91)
]]>
    </failure>
  </testcase> <!-- VoidAllTransactions -->
  <system-out/>
  <testcase classname="dualprocessor.WorldPayAutoDual_Visa21" name="VoidAllTransactions" time="5.092">
    <failure message="Processor ID MissMatch....... expected [024887638      ] but found [null]" type="java.lang.AssertionError">
      <![CDATA[java.lang.AssertionError: Processor ID MissMatch....... expected [024887638      ] but found [null]
at org.testng.Assert.fail(Assert.java:99)
at org.testng.Assert.failNotEquals(Assert.java:1037)
at org.testng.Assert.assertEqualsImpl(Assert.java:140)
at org.testng.Assert.assertEquals(Assert.java:122)
at org.testng.Assert.assertEquals(Assert.java:629)
at dualprocessor.WorldPayAutoDual_Visa21.VoidAllTransactions(WorldPayAutoDual_Visa21.java:274)
at java.base/jdk.internal.reflect.NativeMethodAccessorImpl.invoke0(Native Method)
at java.base/jdk.internal.reflect.NativeMethodAccessorImpl.invoke(NativeMethodAccessorImpl.java:77)
at java.base/jdk.internal.reflect.DelegatingMethodAccessorImpl.invoke(DelegatingMethodAccessorImpl.java:43)
at java.base/java.lang.reflect.Method.invoke(Method.java:568)
at org.testng.internal.MethodInvocationHelper.invokeMethod(MethodInvocationHelper.java:133)
at org.testng.internal.TestInvoker.invokeMethod(TestInvoker.java:598)
at org.testng.internal.TestInvoker.invokeTestMethod(TestInvoker.java:173)
at org.testng.internal.MethodRunner.runInSequence(MethodRunner.java:46)
at org.testng.internal.TestInvoker$MethodInvocationAgent.invoke(TestInvoker.java:824)
at org.testng.internal.TestInvoker.invokeTestMethods(TestInvoker.java:146)
at org.testng.internal.TestMethodWorker.invokeTestMethods(TestMethodWorker.java:146)
at org.testng.internal.TestMethodWorker.run(TestMethodWorker.java:128)
at java.base/java.util.ArrayList.forEach(ArrayList.java:1511)
at org.testng.TestRunner.privateRun(TestRunner.java:794)
at org.testng.TestRunner.run(TestRunner.java:596)
at org.testng.SuiteRunner.runTest(SuiteRunner.java:377)
at org.testng.SuiteRunner.runSequentially(SuiteRunner.java:371)
at org.testng.SuiteRunner.privateRun(SuiteRunner.java:332)
at org.testng.SuiteRunner.run(SuiteRunner.java:276)
at org.testng.SuiteRunnerWorker.runSuite(SuiteRunnerWorker.java:53)
at org.testng.SuiteRunnerWorker.run(SuiteRunnerWorker.java:96)
at org.testng.TestNG.runSuitesSequentially(TestNG.java:1212)
at org.testng.TestNG.runSuitesLocally(TestNG.java:1134)
at org.testng.TestNG.runSuites(TestNG.java:1063)
at org.testng.TestNG.run(TestNG.java:1031)
at org.testng.remote.AbstractRemoteTestNG.run(AbstractRemoteTestNG.java:115)
at org.testng.remote.RemoteTestNG.initAndRun(RemoteTestNG.java:293)
at org.testng.remote.RemoteTestNG.main(RemoteTestNG.java:91)
]]>
    </failure>
  </testcase> <!-- VoidAllTransactions -->
  <system-out/>
  <testcase classname="dualprocessor.WorldPayAutoDual_Visa21" name="VoidAllTransactions" time="5.193"/>
  <system-out/>
  <testcase classname="dualprocessor.WorldPayAutoDual_Visa21" name="VoidAllTransactions" time="5.088">
    <failure message="Processor ID MissMatch....... expected [024887638      ] but found [null]" type="java.lang.AssertionError">
      <![CDATA[java.lang.AssertionError: Processor ID MissMatch....... expected [024887638      ] but found [null]
at org.testng.Assert.fail(Assert.java:99)
at org.testng.Assert.failNotEquals(Assert.java:1037)
at org.testng.Assert.assertEqualsImpl(Assert.java:140)
at org.testng.Assert.assertEquals(Assert.java:122)
at org.testng.Assert.assertEquals(Assert.java:629)
at dualprocessor.WorldPayAutoDual_Visa21.VoidAllTransactions(WorldPayAutoDual_Visa21.java:274)
at java.base/jdk.internal.reflect.NativeMethodAccessorImpl.invoke0(Native Method)
at java.base/jdk.internal.reflect.NativeMethodAccessorImpl.invoke(NativeMethodAccessorImpl.java:77)
at java.base/jdk.internal.reflect.DelegatingMethodAccessorImpl.invoke(DelegatingMethodAccessorImpl.java:43)
at java.base/java.lang.reflect.Method.invoke(Method.java:568)
at org.testng.internal.MethodInvocationHelper.invokeMethod(MethodInvocationHelper.java:133)
at org.testng.internal.TestInvoker.invokeMethod(TestInvoker.java:598)
at org.testng.internal.TestInvoker.invokeTestMethod(TestInvoker.java:173)
at org.testng.internal.MethodRunner.runInSequence(MethodRunner.java:46)
at org.testng.internal.TestInvoker$MethodInvocationAgent.invoke(TestInvoker.java:824)
at org.testng.internal.TestInvoker.invokeTestMethods(TestInvoker.java:146)
at org.testng.internal.TestMethodWorker.invokeTestMethods(TestMethodWorker.java:146)
at org.testng.internal.TestMethodWorker.run(TestMethodWorker.java:128)
at java.base/java.util.ArrayList.forEach(ArrayList.java:1511)
at org.testng.TestRunner.privateRun(TestRunner.java:794)
at org.testng.TestRunner.run(TestRunner.java:596)
at org.testng.SuiteRunner.runTest(SuiteRunner.java:377)
at org.testng.SuiteRunner.runSequentially(SuiteRunner.java:371)
at org.testng.SuiteRunner.privateRun(SuiteRunner.java:332)
at org.testng.SuiteRunner.run(SuiteRunner.java:276)
at org.testng.SuiteRunnerWorker.runSuite(SuiteRunnerWorker.java:53)
at org.testng.SuiteRunnerWorker.run(SuiteRunnerWorker.java:96)
at org.testng.TestNG.runSuitesSequentially(TestNG.java:1212)
at org.testng.TestNG.runSuitesLocally(TestNG.java:1134)
at org.testng.TestNG.runSuites(TestNG.java:1063)
at org.testng.TestNG.run(TestNG.java:1031)
at org.testng.remote.AbstractRemoteTestNG.run(AbstractRemoteTestNG.java:115)
at org.testng.remote.RemoteTestNG.initAndRun(RemoteTestNG.java:293)
at org.testng.remote.RemoteTestNG.main(RemoteTestNG.java:91)
]]>
    </failure>
  </testcase> <!-- VoidAllTransactions -->
  <system-out/>
  <testcase classname="dualprocessor.WorldPayAutoDual_Visa21" name="VoidAllTransactions" time="5.181"/>
  <system-out/>
  <testcase classname="dualprocessor.WorldPayAutoDual_Visa21" name="VoidAllTransactions" time="5.557"/>
  <system-out/>
  <testcase classname="dualprocessor.WorldPayAutoDual_Visa21" name="VoidAllTransactions" time="5.091"/>
  <system-out/>
  <testcase classname="dualprocessor.WorldPayAutoDual_Visa21" name="resetCounter" time="219.015"/>
  <system-out/>
  <testcase classname="dualprocessor.WorldPayAutoDual_Visa21" name="_performNoramal_CD_Sale" time="26.841"/>
  <system-out/>
  <testcase classname="dualprocessor.WorldPayAutoDual_Visa21" name="_performNoramal_CD_Sale" time="25.157"/>
  <system-out/>
  <testcase classname="dualprocessor.WorldPayAutoDual_Visa21" name="_performNormalFSA_TXN" time="24.661"/>
  <system-out/>
  <testcase classname="dualprocessor.WorldPayAutoDual_Visa21" name="_performWIC_TXN" time="20.543"/>
  <system-out/>
  <testcase classname="dualprocessor.WorldPayAutoDual_Visa21" name="_performEBT_TXN" time="22.119"/>
  <system-out/>
  <testcase classname="dualprocessor.WorldPayAutoDual_Visa21" name="_performEBT_TXN" time="17.405"/>
  <system-out/>
  <testcase classname="dualprocessor.WorldPayAutoDual_Visa21" name="PF__performCreditDebit" time="23.812"/>
  <system-out/>
  <testcase classname="dualprocessor.WorldPayAutoDual_Visa21" name="PF__performCreditDebit" time="26.773"/>
  <system-out/>
  <testcase classname="dualprocessor.WorldPayAutoDual_Visa21" name="PF__performCreditDebit" time="23.444"/>
  <system-out/>
  <testcase classname="dualprocessor.WorldPayAutoDual_Visa21" name="PF__performCreditDebit" time="21.537"/>
  <system-out/>
  <testcase classname="dualprocessor.WorldPayAutoDual_Visa21" name="__performNoramal_CD_Sale" time="26.262"/>
  <system-out/>
</testsuite> <!-- dualprocessor.WorldPayAutoDual_Visa21 -->
