<?xml version="1.0" encoding="UTF-8"?>
<!-- Generated by org.testng.reporters.JUnitReportReporter -->
<testsuite hostname="gkillare-win87" failures="1" tests="45" name="testcases.TC_P_ProcessorFailour" time="1099.397" errors="0" timestamp="2024-02-07T20:23:42 IST" skipped="0">
  <testcase classname="testcases.TC_P_ProcessorFailour" name="DebitSale" time="28.617"/>
  <system-out/>
  <testcase classname="testcases.TC_P_ProcessorFailour" name="DebitSale" time="30.756"/>
  <system-out/>
  <testcase classname="testcases.TC_P_ProcessorFailour" name="DebitSale" time="29.956"/>
  <system-out/>
  <testcase classname="testcases.TC_P_ProcessorFailour" name="P_FSA" time="47.899"/>
  <system-out/>
  <testcase classname="testcases.TC_P_ProcessorFailour" name="Ewic_Transactions" time="55.380"/>
  <system-out/>
  <testcase classname="testcases.TC_P_ProcessorFailour" name="P_EBT" time="43.115"/>
  <system-out/>
  <testcase classname="testcases.TC_P_ProcessorFailour" name="P_EBT" time="36.977"/>
  <system-out/>
  <testcase classname="testcases.TC_P_ProcessorFailour" name="F_creditSale" time="30.659"/>
  <system-out/>
  <testcase classname="testcases.TC_P_ProcessorFailour" name="F_creditSale" time="29.882"/>
  <system-out/>
  <testcase classname="testcases.TC_P_ProcessorFailour" name="F_creditSale" time="31.361"/>
  <system-out/>
  <testcase classname="testcases.TC_P_ProcessorFailour" name="F_creditSale" time="32.046"/>
  <system-out/>
  <testcase classname="testcases.TC_P_ProcessorFailour" name="F_creditSale" time="30.438"/>
  <system-out/>
  <testcase classname="testcases.TC_P_ProcessorFailour" name="SECOUNDARY_creditAndDebitSale" time="28.114"/>
  <system-out/>
  <testcase classname="testcases.TC_P_ProcessorFailour" name="SECOUNDARY_creditAndDebitSale" time="30.300"/>
  <system-out/>
  <testcase classname="testcases.TC_P_ProcessorFailour" name="SECOUNDARY_creditAndDebitSale" time="31.557"/>
  <system-out/>
  <testcase classname="testcases.TC_P_ProcessorFailour" name="P_SECOUNDARY__FSA" time="48.367"/>
  <system-out/>
  <testcase classname="testcases.TC_P_ProcessorFailour" name="P_SECOUNDARY__EBT" time="35.400"/>
  <system-out/>
  <testcase classname="testcases.TC_P_ProcessorFailour" name="P_SECOUNDARY__EBT" time="31.660"/>
  <system-out/>
  <testcase classname="testcases.TC_P_ProcessorFailour" name="VoidAllTransactions" time="12.042"/>
  <system-out/>
  <testcase classname="testcases.TC_P_ProcessorFailour" name="VoidAllTransactions" time="12.652"/>
  <system-out/>
  <testcase classname="testcases.TC_P_ProcessorFailour" name="VoidAllTransactions" time="11.077"/>
  <system-out/>
  <testcase classname="testcases.TC_P_ProcessorFailour" name="VoidAllTransactions" time="15.233"/>
  <system-out/>
  <testcase classname="testcases.TC_P_ProcessorFailour" name="VoidAllTransactions" time="3.733"/>
  <system-out/>
  <testcase classname="testcases.TC_P_ProcessorFailour" name="VoidAllTransactions" time="10.662"/>
  <system-out/>
  <testcase classname="testcases.TC_P_ProcessorFailour" name="VoidAllTransactions" time="12.327"/>
  <system-out/>
  <testcase classname="testcases.TC_P_ProcessorFailour" name="VoidAllTransactions" time="10.858"/>
  <system-out/>
  <testcase classname="testcases.TC_P_ProcessorFailour" name="VoidAllTransactions" time="11.958"/>
  <system-out/>
  <testcase classname="testcases.TC_P_ProcessorFailour" name="VoidAllTransactions" time="12.201"/>
  <system-out/>
  <testcase classname="testcases.TC_P_ProcessorFailour" name="VoidAllTransactions" time="12.540"/>
  <system-out/>
  <testcase classname="testcases.TC_P_ProcessorFailour" name="VoidAllTransactions" time="3.629"/>
  <system-out/>
  <testcase classname="testcases.TC_P_ProcessorFailour" name="VoidAllTransactions" time="11.710"/>
  <system-out/>
  <testcase classname="testcases.TC_P_ProcessorFailour" name="VoidAllTransactions" time="12.675"/>
  <system-out/>
  <testcase classname="testcases.TC_P_ProcessorFailour" name="VoidAllTransactions" time="10.968"/>
  <system-out/>
  <testcase classname="testcases.TC_P_ProcessorFailour" name="VoidAllTransactions" time="12.390"/>
  <system-out/>
  <testcase classname="testcases.TC_P_ProcessorFailour" name="VoidAllTransactions" time="11.264"/>
  <system-out/>
  <testcase classname="testcases.TC_P_ProcessorFailour" name="VoidAllTransactions" time="11.983">
    <failure message="Processor ID MissMatch....... expected [024887638] but found [null]" type="java.lang.AssertionError">
      <![CDATA[java.lang.AssertionError: Processor ID MissMatch....... expected [024887638] but found [null]
at org.testng.Assert.fail(Assert.java:99)
at org.testng.Assert.failNotEquals(Assert.java:1037)
at org.testng.Assert.assertEqualsImpl(Assert.java:140)
at org.testng.Assert.assertEquals(Assert.java:122)
at org.testng.Assert.assertEquals(Assert.java:629)
at testcases.TC_P_ProcessorFailour.VoidAllTransactions(TC_P_ProcessorFailour.java:599)
at java.base/jdk.internal.reflect.NativeMethodAccessorImpl.invoke0(Native Method)
at java.base/jdk.internal.reflect.NativeMethodAccessorImpl.invoke(NativeMethodAccessorImpl.java:77)
at java.base/jdk.internal.reflect.DelegatingMethodAccessorImpl.invoke(DelegatingMethodAccessorImpl.java:43)
at java.base/java.lang.reflect.Method.invoke(Method.java:568)
at org.testng.internal.MethodInvocationHelper.invokeMethod(MethodInvocationHelper.java:133)
at org.testng.internal.TestInvoker.invokeMethod(TestInvoker.java:598)
at org.testng.internal.TestInvoker.invokeTestMethod(TestInvoker.java:173)
at org.testng.internal.MethodRunner.runInSequence(MethodRunner.java:46)
at org.testng.internal.TestInvoker$MethodInvocationAgent.invoke(TestInvoker.java:824)
at org.testng.internal.TestInvoker.invokeTestMethods(TestInvoker.java:146)
at org.testng.internal.TestMethodWorker.invokeTestMethods(TestMethodWorker.java:146)
at org.testng.internal.TestMethodWorker.run(TestMethodWorker.java:128)
at java.base/java.util.ArrayList.forEach(ArrayList.java:1511)
at org.testng.TestRunner.privateRun(TestRunner.java:794)
at org.testng.TestRunner.run(TestRunner.java:596)
at org.testng.SuiteRunner.runTest(SuiteRunner.java:377)
at org.testng.SuiteRunner.runSequentially(SuiteRunner.java:371)
at org.testng.SuiteRunner.privateRun(SuiteRunner.java:332)
at org.testng.SuiteRunner.run(SuiteRunner.java:276)
at org.testng.SuiteRunnerWorker.runSuite(SuiteRunnerWorker.java:53)
at org.testng.SuiteRunnerWorker.run(SuiteRunnerWorker.java:96)
at org.testng.TestNG.runSuitesSequentially(TestNG.java:1212)
at org.testng.TestNG.runSuitesLocally(TestNG.java:1134)
at org.testng.TestNG.runSuites(TestNG.java:1063)
at org.testng.TestNG.run(TestNG.java:1031)
at org.testng.remote.AbstractRemoteTestNG.run(AbstractRemoteTestNG.java:115)
at org.testng.remote.RemoteTestNG.initAndRun(RemoteTestNG.java:251)
at org.testng.remote.RemoteTestNG.main(RemoteTestNG.java:77)
]]>
    </failure>
  </testcase> <!-- VoidAllTransactions -->
  <system-out/>
  <testcase classname="testcases.TC_P_ProcessorFailour" name="ResetCount" time="36.561"/>
  <system-out/>
  <testcase classname="testcases.TC_P_ProcessorFailour" name="afterResetDebitSale" time="28.036"/>
  <system-out/>
  <testcase classname="testcases.TC_P_ProcessorFailour" name="afterResetDebitSale" time="32.267"/>
  <system-out/>
  <testcase classname="testcases.TC_P_ProcessorFailour" name="P_AfterReset_EBT" time="32.136"/>
  <system-out/>
  <testcase classname="testcases.TC_P_ProcessorFailour" name="P_AfterReset_EBT" time="29.798"/>
  <system-out/>
  <testcase classname="testcases.TC_P_ProcessorFailour" name="P_AfterReset_FSA" time="13.594"/>
  <system-out/>
  <testcase classname="testcases.TC_P_ProcessorFailour" name="F_AfterReset_creditSale" time="40.166"/>
  <system-out/>
  <testcase classname="testcases.TC_P_ProcessorFailour" name="F_AfterReset_creditSale" time="17.735"/>
  <system-out/>
  <testcase classname="testcases.TC_P_ProcessorFailour" name="DebitSaleLastOne" time="36.718"/>
  <system-out/>
</testsuite> <!-- testcases.TC_P_ProcessorFailour -->
